Arguments: 
  C:\Program Files\nodejs\node.exe C:\Program Files\nodejs\node_modules\yarn\bin\yarn.js add 0.8.6

PATH: 
  C:\Program Files\Microsoft\jdk-11.0.12.7-hotspot\bin;C:\Windows\system32;C:\Windows;C:\Windows\System32\Wbem;C:\Windows\System32\WindowsPowerShell\v1.0\;C:\Windows\System32\OpenSSH\;C:\Program Files\NVIDIA Corporation\NVIDIA NvDLISR;C:\Program Files (x86)\NVIDIA Corporation\PhysX\Common;C:\Program Files\Git\cmd;C:\WINDOWS\system32;C:\WINDOWS;C:\WINDOWS\System32\Wbem;C:\WINDOWS\System32\WindowsPowerShell\v1.0\;C:\WINDOWS\System32\OpenSSH\;C:\Program Files\nodejs\;C:\Users\Julia\AppData\Roaming\nvm;C:\Program Files\nodejs;C:\Program Files\Microsoft SQL Server\150\Tools\Binn\;C:\Program Files\Microsoft SQL Server\Client SDK\ODBC\170\Tools\Binn\;C:\Program Files\dotnet\;C:\Program Files\Docker\Docker\resources\bin;C:\ProgramData\DockerDesktop\version-bin;C:\Program Files (x86)\ZeroTier\One\;C:\Ruby31-x64\bin;C:\Users\Julia\AppData\Local\Microsoft\WindowsApps;C:\Users\Julia\AppData\Local\Programs\Microsoft VS Code\bin;";C:\Program Files\nodejs";C:\Users\Julia\AppData\Roaming\nvm;C:\Program Files\nodejs;C:\Users\Julia\.dotnet\tools

Yarn version: 
  1.22.18

Node version: 
  16.14.0

Platform: 
  win32 x64

Trace: 
  Error: https://registry.yarnpkg.com/0.8.6: Not found
      at Request.params.callback [as _callback] (C:\Users\Julia\AppData\Roaming\nvm\v16.14.0\node_modules\yarn\lib\cli.js:66138:18)
      at Request.self.callback (C:\Users\Julia\AppData\Roaming\nvm\v16.14.0\node_modules\yarn\lib\cli.js:140883:22)
      at Request.emit (node:events:520:28)
      at Request.<anonymous> (C:\Users\Julia\AppData\Roaming\nvm\v16.14.0\node_modules\yarn\lib\cli.js:141855:10)
      at Request.emit (node:events:520:28)
      at IncomingMessage.<anonymous> (C:\Users\Julia\AppData\Roaming\nvm\v16.14.0\node_modules\yarn\lib\cli.js:141777:12)
      at Object.onceWrapper (node:events:639:28)
      at IncomingMessage.emit (node:events:532:35)
      at endReadableNT (node:internal/streams/readable:1346:12)
      at processTicksAndRejections (node:internal/process/task_queues:83:21)

npm manifest: 
  {
    "name": "televisao",
    "version": "1.0.0",
    "main": "node_modules/expo/AppEntry.js",
    "scripts": {
      "start": "expo start",
      "android": "expo start --android",
      "ios": "expo start --ios",
      "web": "expo start --web",
      "eject": "expo eject"
    },
    "dependencies": {
      "@cawfree/react-native-simpler-date-picker": "^0.1.0-alpha.4",
      "@expo-google-fonts/roboto": "^0.2.2",
      "@react-native-community/datetimepicker": "4.0.0",
      "@react-native-picker/picker": "2.2.1",
      "@react-navigation/native": "^6.0.6",
      "@react-navigation/stack": "^6.0.11",
      "expo": "^44.0.5",
      "expo-cli": "^4.3.0",
      "expo-dev-client": "~0.8.4",
      "expo-image-picker": "~12.0.1",
      "expo-status-bar": "~1.2.0",
      "firebase": "^9.6.6",
      "gh-pages": "^3.2.3",
      "global": "^4.4.0",
      "react": "17.0.1",
      "react-dom": "17.0.1",
      "react-native": "^0.64.3",
      "react-native-awesome-alerts": "^1.5.2",
      "react-native-date-picker": "^4.1.3",
      "react-native-datefield": "^0.3.5",
      "react-native-datepicker": "^1.7.2",
      "react-native-gesture-handler": "~2.1.0",
      "react-native-image-picker": "^4.7.3",
      "react-native-neat-date-picker": "^1.1.4",
      "react-native-reanimated": "~2.3.1",
      "react-native-safe-area-context": "^3.3.2",
      "react-native-screens": "~3.10.2",
      "react-native-vector-icons": "^9.0.0",
      "react-native-web": "0.17.5"
    },
    "devDependencies": {
      "@babel/core": "^7.12.9",
      "@types/react": "~17.0.21",
      "@types/react-native": "~0.66.15",
      "typescript": "~4.5.5"
    },
    "private": true,
    "homepage": "https://SofiaSFaber.github.io/Televisao"
  }

yarn manifest: 
  No manifest

Lockfile: 
  
